2024-05-11 16:32:21,475 INFO: Microblog startup [in /Users/kseniaklokova/lectures-and-seminars/microblog/app/__init__.py:35]
2024-05-11 16:32:28,235 ERROR: Exception on /edit_profile [GET] [in /Users/kseniaklokova/lectures-and-seminars/microblog/venv/lib/python3.9/site-packages/flask/app.py:828]
Traceback (most recent call last):
  File "/Users/kseniaklokova/lectures-and-seminars/microblog/venv/lib/python3.9/site-packages/flask/app.py", line 1463, in wsgi_app
    response = self.full_dispatch_request()
  File "/Users/kseniaklokova/lectures-and-seminars/microblog/venv/lib/python3.9/site-packages/flask/app.py", line 872, in full_dispatch_request
    rv = self.handle_user_exception(e)
  File "/Users/kseniaklokova/lectures-and-seminars/microblog/venv/lib/python3.9/site-packages/flask/app.py", line 870, in full_dispatch_request
    rv = self.dispatch_request()
  File "/Users/kseniaklokova/lectures-and-seminars/microblog/venv/lib/python3.9/site-packages/flask/app.py", line 855, in dispatch_request
    return self.ensure_sync(self.view_functions[rule.endpoint])(**view_args)  # type: ignore[no-any-return]
  File "/Users/kseniaklokova/lectures-and-seminars/microblog/app/routes.py", line 84, in edit_profile
    form = EditProfileForm()
  File "/Users/kseniaklokova/lectures-and-seminars/microblog/venv/lib/python3.9/site-packages/wtforms/form.py", line 208, in __call__
    return type.__call__(cls, *args, **kwargs)
TypeError: __init__() missing 1 required positional argument: 'original_username'
2024-05-11 18:05:37,431 INFO: Microblog startup [in /Users/kseniaklokova/lectures-and-seminars/microblog/app/__init__.py:41]
2024-05-11 18:12:57,132 INFO: Microblog startup [in /Users/kseniaklokova/lectures-and-seminars/microblog/app/__init__.py:41]
2024-05-11 18:24:01,833 INFO: Microblog startup [in /Users/kseniaklokova/lectures-and-seminars/microblog/app/__init__.py:41]
2024-05-11 18:32:38,124 INFO: Microblog startup [in /Users/kseniaklokova/lectures-and-seminars/microblog/app/__init__.py:41]
2024-05-11 18:34:06,372 INFO: Microblog startup [in /Users/kseniaklokova/lectures-and-seminars/microblog/app/__init__.py:41]
